<?xml version="1.0" encoding="utf-8"?><testsuites name="pytest tests"><testsuite name="pytest" errors="0" failures="0" skipped="0" tests="11" time="37.076" timestamp="2026-02-27T12:21:12.169041+00:00" hostname="agent-env-ca373cd6-2107-4fc1-907e-840d3a7bc5c9"><testcase classname="backend.tests.test_iteration2_features.TestSubscriptionPlans" name="test_subscription_plans_endpoint" time="0.160" /><testcase classname="backend.tests.test_iteration2_features.TestSubscriptionPlans" name="test_assist_plan_price_499" time="0.153" /><testcase classname="backend.tests.test_iteration2_features.TestSubscriptionPlans" name="test_smart_plan_price_999" time="0.134" /><testcase classname="backend.tests.test_iteration2_features.TestSubscriptionPlans" name="test_auto_plan_price_1999" time="0.116" /><testcase classname="backend.tests.test_iteration2_features.TestSubscriptionPlans" name="test_all_plans_have_features" time="0.118" /><testcase classname="backend.tests.test_iteration2_features.TestChatbotSessionMemory" name="test_chatbot_accepts_session_id" time="2.556" /><testcase classname="backend.tests.test_iteration2_features.TestChatbotSessionMemory" name="test_chatbot_without_session_id_works" time="5.692" /><testcase classname="backend.tests.test_iteration2_features.TestChatbotSessionMemory" name="test_session_id_stored_in_chat_history" time="3.518" /><testcase classname="backend.tests.test_iteration2_features.TestChatbotSessionMemory" name="test_conversation_memory_followup" time="5.580" /><testcase classname="backend.tests.test_iteration2_features.TestChatbotRequestSchema" name="test_session_id_is_optional" time="1.845" /><testcase classname="backend.tests.test_iteration2_features.TestChatbotRequestSchema" name="test_session_id_format_accepted" time="17.083" /></testsuite></testsuites>