<?xml version="1.0" encoding="utf-8"?><testsuites name="pytest tests"><testsuite name="pytest" errors="0" failures="0" skipped="0" tests="15" time="6.054" timestamp="2026-02-28T05:15:42.242126+00:00" hostname="agent-env-ca373cd6-2107-4fc1-907e-840d3a7bc5c9"><testcase classname="tests.test_iteration4_auth_and_placeholder.TestHealthCheck" name="test_health_endpoint" time="0.138" /><testcase classname="tests.test_iteration4_auth_and_placeholder.TestDatabaseIsClean" name="test_login_nonexistent_user" time="0.145" /><testcase classname="tests.test_iteration4_auth_and_placeholder.TestUserRegistration" name="test_register_new_user_success" time="0.398" /><testcase classname="tests.test_iteration4_auth_and_placeholder.TestUserRegistration" name="test_register_requires_name" time="0.155" /><testcase classname="tests.test_iteration4_auth_and_placeholder.TestUserRegistration" name="test_register_requires_email" time="0.143" /><testcase classname="tests.test_iteration4_auth_and_placeholder.TestUserRegistration" name="test_register_validates_email_format" time="0.102" /><testcase classname="tests.test_iteration4_auth_and_placeholder.TestUserLogin" name="test_login_success" time="0.680" /><testcase classname="tests.test_iteration4_auth_and_placeholder.TestUserLogin" name="test_login_wrong_password" time="0.729" /><testcase classname="tests.test_iteration4_auth_and_placeholder.TestUserLogin" name="test_login_nonexistent_user" time="0.448" /><testcase classname="tests.test_iteration4_auth_and_placeholder.TestGoogleOnlyUserAutoPassword" name="test_google_only_user_login_auto_sets_password" time="1.234" /><testcase classname="tests.test_iteration4_auth_and_placeholder.TestRegisterMergesGoogleAccount" name="test_register_merges_google_only_account" time="0.682" /><testcase classname="tests.test_iteration4_auth_and_placeholder.TestRegisterMergesGoogleAccount" name="test_register_existing_password_user_fails" time="0.692" /><testcase classname="tests.test_iteration4_auth_and_placeholder.TestAuthCallbackDeepLink" name="test_auth_callback_returns_html" time="0.108" /><testcase classname="tests.test_iteration4_auth_and_placeholder.TestAuthCallbackDeepLink" name="test_auth_callback_contains_query_param_deep_link" time="0.111" /><testcase classname="tests.test_iteration4_auth_and_placeholder.TestAuthCallbackDeepLink" name="test_auth_callback_handles_both_param_styles" time="0.101" /></testsuite></testsuites>