<?xml version="1.0" encoding="utf-8"?><testsuites name="pytest tests"><testsuite name="pytest" errors="0" failures="0" skipped="0" tests="19" time="4.914" timestamp="2026-02-28T03:55:32.440161+00:00" hostname="agent-env-ca373cd6-2107-4fc1-907e-840d3a7bc5c9"><testcase classname="tests.test_iteration3_auth_fixes.TestHealthEndpoint" name="test_health_check" time="0.272" /><testcase classname="tests.test_iteration3_auth_fixes.TestGoogleOnlyUserLogin" name="test_google_only_user_login_returns_400" time="0.158" /><testcase classname="tests.test_iteration3_auth_fixes.TestGoogleOnlyUserLogin" name="test_merged_google_user_can_login" time="0.338" /><testcase classname="tests.test_iteration3_auth_fixes.TestGoogleOnlyUserLogin" name="test_login_error_is_not_500" time="0.543" /><testcase classname="tests.test_iteration3_auth_fixes.TestAccountMerge" name="test_register_endpoint_exists" time="0.329" /><testcase classname="tests.test_iteration3_auth_fixes.TestAccountMerge" name="test_register_existing_password_user_fails" time="0.108" /><testcase classname="tests.test_iteration3_auth_fixes.TestAccountMerge" name="test_register_new_user_succeeds" time="0.746" /><testcase classname="tests.test_iteration3_auth_fixes.TestAuthCallbackDeepLink" name="test_auth_callback_returns_html" time="0.100" /><testcase classname="tests.test_iteration3_auth_fixes.TestAuthCallbackDeepLink" name="test_auth_callback_contains_deep_link_redirect" time="0.116" /><testcase classname="tests.test_iteration3_auth_fixes.TestAuthCallbackDeepLink" name="test_auth_callback_javascript_extracts_session_from_hash_and_query" time="0.116" /><testcase classname="tests.test_iteration3_auth_fixes.TestAuthCallbackDeepLink" name="test_auth_callback_contains_mobile_redirect" time="0.109" /><testcase classname="tests.test_iteration3_auth_fixes.TestNormalLoginFlow" name="test_valid_login_succeeds" time="0.334" /><testcase classname="tests.test_iteration3_auth_fixes.TestNormalLoginFlow" name="test_login_returns_user_without_password_hash" time="0.357" /><testcase classname="tests.test_iteration3_auth_fixes.TestNormalLoginFlow" name="test_invalid_password_returns_401" time="0.375" /><testcase classname="tests.test_iteration3_auth_fixes.TestNormalLoginFlow" name="test_nonexistent_user_returns_401" time="0.211" /><testcase classname="tests.test_iteration3_auth_fixes.TestGoogleAuthEndpoint" name="test_google_auth_endpoint_exists" time="0.209" /><testcase classname="tests.test_iteration3_auth_fixes.TestRegistrationValidation" name="test_register_requires_email" time="0.119" /><testcase classname="tests.test_iteration3_auth_fixes.TestRegistrationValidation" name="test_register_requires_password" time="0.123" /><testcase classname="tests.test_iteration3_auth_fixes.TestRegistrationValidation" name="test_register_validates_email_format" time="0.141" /></testsuite></testsuites>