<?xml version="1.0" encoding="utf-8"?><testsuites name="pytest tests"><testsuite name="pytest" errors="0" failures="0" skipped="0" tests="13" time="20.330" timestamp="2026-02-24T19:40:36.123050+00:00" hostname="agent-env-ca373cd6-2107-4fc1-907e-840d3a7bc5c9"><testcase classname="tests.test_tomi_api.TestHealthEndpoint" name="test_health_returns_200" time="2.030" /><testcase classname="tests.test_tomi_api.TestAuthentication" name="test_login_existing_user_success" time="0.553" /><testcase classname="tests.test_tomi_api.TestAuthentication" name="test_login_invalid_credentials" time="0.364" /><testcase classname="tests.test_tomi_api.TestAuthentication" name="test_register_new_user" time="0.356" /><testcase classname="tests.test_tomi_api.TestAuthentication" name="test_register_duplicate_email" time="0.122" /><testcase classname="tests.test_tomi_api.TestBusinessSetup" name="test_business_setup_with_auth" time="0.526" /><testcase classname="tests.test_tomi_api.TestBusinessSetup" name="test_business_setup_without_auth" time="0.161" /><testcase classname="tests.test_tomi_api.TestChatbot" name="test_chatbot_ask_with_web_search" time="4.555" /><testcase classname="tests.test_tomi_api.TestChatbot" name="test_chatbot_ask_without_web_search" time="4.013" /><testcase classname="tests.test_tomi_api.TestChatbot" name="test_chatbot_ask_without_auth" time="0.155" /><testcase classname="tests.test_tomi_api.TestChatbot" name="test_chat_history" time="0.143" /><testcase classname="tests.test_tomi_api.TestRateLimiter" name="test_rate_limiter_exists" time="6.742" /><testcase classname="tests.test_tomi_api.TestAuthMe" name="test_get_current_user" time="0.493" /></testsuite></testsuites>